
*** Running vivado
    with args -log Top.vds -m64 -product Vivado -mode batch -messageDb vivado.pb -notrace -source Top.tcl


****** Vivado v2018.3 (64-bit)
  **** SW Build 2405991 on Thu Dec  6 23:38:27 MST 2018
  **** IP Build 2404404 on Fri Dec  7 01:43:56 MST 2018
    ** Copyright 1986-2018 Xilinx, Inc. All Rights Reserved.

source Top.tcl -notrace
Command: synth_design -top Top -part xc7a100tcsg324-1
Starting synth_design
Attempting to get a license for feature 'Synthesis' and/or device 'xc7a100t'
INFO: [Common 17-349] Got license for feature 'Synthesis' and/or device 'xc7a100t'
INFO: Launching helper process for spawning children vivado processes
INFO: Helper process launched with PID 6440 
---------------------------------------------------------------------------------
Starting RTL Elaboration : Time (s): cpu = 00:00:02 ; elapsed = 00:00:02 . Memory (MB): peak = 362.566 ; gain = 101.164
---------------------------------------------------------------------------------
INFO: [Synth 8-6157] synthesizing module 'Top' [E:/vivado-works/flow_CPU/flow_CPU.srcs/sources_1/new/Top.sv:3]
INFO: [Synth 8-6157] synthesizing module 'imem' [E:/vivado-works/flow_CPU/flow_CPU.srcs/sources_1/new/imem.sv:3]
INFO: [Synth 8-3876] $readmem data file 'flow3.dat' is read successfully [E:/vivado-works/flow_CPU/flow_CPU.srcs/sources_1/new/imem.sv:11]
INFO: [Synth 8-6155] done synthesizing module 'imem' (1#1) [E:/vivado-works/flow_CPU/flow_CPU.srcs/sources_1/new/imem.sv:3]
INFO: [Synth 8-6157] synthesizing module 'MIPS' [E:/vivado-works/flow_CPU/flow_CPU.srcs/sources_1/new/MIPS.sv:3]
INFO: [Synth 8-6157] synthesizing module 'controller' [E:/vivado-works/flow_CPU/flow_CPU.srcs/sources_1/new/controller.sv:3]
INFO: [Synth 8-6157] synthesizing module 'maindec' [E:/vivado-works/flow_CPU/flow_CPU.srcs/sources_1/new/maindec.sv:3]
INFO: [Synth 8-6155] done synthesizing module 'maindec' (2#1) [E:/vivado-works/flow_CPU/flow_CPU.srcs/sources_1/new/maindec.sv:3]
INFO: [Synth 8-6157] synthesizing module 'aludec' [E:/vivado-works/flow_CPU/flow_CPU.srcs/sources_1/new/aludec.sv:3]
INFO: [Synth 8-6155] done synthesizing module 'aludec' (3#1) [E:/vivado-works/flow_CPU/flow_CPU.srcs/sources_1/new/aludec.sv:3]
INFO: [Synth 8-6157] synthesizing module 'floprc' [E:/vivado-works/flow_CPU/flow_CPU.srcs/sources_1/new/floprc.sv:3]
	Parameter WIDTH bound to: 8 - type: integer 
INFO: [Synth 8-6155] done synthesizing module 'floprc' (4#1) [E:/vivado-works/flow_CPU/flow_CPU.srcs/sources_1/new/floprc.sv:3]
INFO: [Synth 8-6157] synthesizing module 'flopr' [E:/vivado-works/flow_CPU/flow_CPU.srcs/sources_1/new/flopr.sv:3]
	Parameter WIDTH bound to: 3 - type: integer 
INFO: [Synth 8-6155] done synthesizing module 'flopr' (5#1) [E:/vivado-works/flow_CPU/flow_CPU.srcs/sources_1/new/flopr.sv:3]
INFO: [Synth 8-6157] synthesizing module 'flopr__parameterized0' [E:/vivado-works/flow_CPU/flow_CPU.srcs/sources_1/new/flopr.sv:3]
	Parameter WIDTH bound to: 2 - type: integer 
INFO: [Synth 8-6155] done synthesizing module 'flopr__parameterized0' (5#1) [E:/vivado-works/flow_CPU/flow_CPU.srcs/sources_1/new/flopr.sv:3]
INFO: [Synth 8-6155] done synthesizing module 'controller' (6#1) [E:/vivado-works/flow_CPU/flow_CPU.srcs/sources_1/new/controller.sv:3]
INFO: [Synth 8-6157] synthesizing module 'datapath' [E:/vivado-works/flow_CPU/flow_CPU.srcs/sources_1/new/datapath.sv:3]
INFO: [Synth 8-6157] synthesizing module 'hazard' [E:/vivado-works/flow_CPU/flow_CPU.srcs/sources_1/new/hazard.sv:3]
INFO: [Synth 8-6155] done synthesizing module 'hazard' (7#1) [E:/vivado-works/flow_CPU/flow_CPU.srcs/sources_1/new/hazard.sv:3]
INFO: [Synth 8-6157] synthesizing module 'mux2' [E:/vivado-works/flow_CPU/flow_CPU.srcs/sources_1/new/mux2.sv:3]
	Parameter WIDTH bound to: 32 - type: integer 
INFO: [Synth 8-6155] done synthesizing module 'mux2' (8#1) [E:/vivado-works/flow_CPU/flow_CPU.srcs/sources_1/new/mux2.sv:3]
INFO: [Synth 8-6157] synthesizing module 'regfile' [E:/vivado-works/flow_CPU/flow_CPU.srcs/sources_1/new/regfile.sv:3]
INFO: [Synth 8-6155] done synthesizing module 'regfile' (9#1) [E:/vivado-works/flow_CPU/flow_CPU.srcs/sources_1/new/regfile.sv:3]
INFO: [Synth 8-6157] synthesizing module 'flopenr' [E:/vivado-works/flow_CPU/flow_CPU.srcs/sources_1/new/flopenr.sv:3]
	Parameter WIDTH bound to: 32 - type: integer 
INFO: [Synth 8-6155] done synthesizing module 'flopenr' (10#1) [E:/vivado-works/flow_CPU/flow_CPU.srcs/sources_1/new/flopenr.sv:3]
INFO: [Synth 8-6157] synthesizing module 'adder' [E:/vivado-works/flow_CPU/flow_CPU.srcs/sources_1/new/adder.sv:3]
INFO: [Synth 8-6155] done synthesizing module 'adder' (11#1) [E:/vivado-works/flow_CPU/flow_CPU.srcs/sources_1/new/adder.sv:3]
INFO: [Synth 8-6157] synthesizing module 'flopenrc' [E:/vivado-works/flow_CPU/flow_CPU.srcs/sources_1/new/flopenrc.sv:3]
	Parameter WIDTH bound to: 32 - type: integer 
INFO: [Synth 8-6155] done synthesizing module 'flopenrc' (12#1) [E:/vivado-works/flow_CPU/flow_CPU.srcs/sources_1/new/flopenrc.sv:3]
INFO: [Synth 8-6157] synthesizing module 'signext' [E:/vivado-works/flow_CPU/flow_CPU.srcs/sources_1/new/signext.sv:3]
INFO: [Synth 8-6155] done synthesizing module 'signext' (13#1) [E:/vivado-works/flow_CPU/flow_CPU.srcs/sources_1/new/signext.sv:3]
INFO: [Synth 8-6157] synthesizing module 'sl2' [E:/vivado-works/flow_CPU/flow_CPU.srcs/sources_1/new/sl2.sv:3]
INFO: [Synth 8-6155] done synthesizing module 'sl2' (14#1) [E:/vivado-works/flow_CPU/flow_CPU.srcs/sources_1/new/sl2.sv:3]
INFO: [Synth 8-6157] synthesizing module 'eqcmp' [E:/vivado-works/flow_CPU/flow_CPU.srcs/sources_1/new/eqcmp.sv:3]
INFO: [Synth 8-6155] done synthesizing module 'eqcmp' (15#1) [E:/vivado-works/flow_CPU/flow_CPU.srcs/sources_1/new/eqcmp.sv:3]
INFO: [Synth 8-6157] synthesizing module 'floprc__parameterized0' [E:/vivado-works/flow_CPU/flow_CPU.srcs/sources_1/new/floprc.sv:3]
	Parameter WIDTH bound to: 32 - type: integer 
INFO: [Synth 8-6155] done synthesizing module 'floprc__parameterized0' (15#1) [E:/vivado-works/flow_CPU/flow_CPU.srcs/sources_1/new/floprc.sv:3]
INFO: [Synth 8-6157] synthesizing module 'floprc__parameterized1' [E:/vivado-works/flow_CPU/flow_CPU.srcs/sources_1/new/floprc.sv:3]
	Parameter WIDTH bound to: 5 - type: integer 
INFO: [Synth 8-6155] done synthesizing module 'floprc__parameterized1' (15#1) [E:/vivado-works/flow_CPU/flow_CPU.srcs/sources_1/new/floprc.sv:3]
INFO: [Synth 8-6157] synthesizing module 'mux3' [E:/vivado-works/flow_CPU/flow_CPU.srcs/sources_1/new/mux3.sv:3]
	Parameter WIDTH bound to: 32 - type: integer 
INFO: [Synth 8-6155] done synthesizing module 'mux3' (16#1) [E:/vivado-works/flow_CPU/flow_CPU.srcs/sources_1/new/mux3.sv:3]
INFO: [Synth 8-6157] synthesizing module 'alu' [E:/vivado-works/flow_CPU/flow_CPU.srcs/sources_1/new/alu.sv:3]
INFO: [Synth 8-155] case statement is not full and has no default [E:/vivado-works/flow_CPU/flow_CPU.srcs/sources_1/new/alu.sv:23]
WARNING: [Synth 8-87] always_comb on 'result_reg' did not result in combinational logic [E:/vivado-works/flow_CPU/flow_CPU.srcs/sources_1/new/alu.sv:24]
INFO: [Synth 8-6155] done synthesizing module 'alu' (17#1) [E:/vivado-works/flow_CPU/flow_CPU.srcs/sources_1/new/alu.sv:3]
INFO: [Synth 8-6157] synthesizing module 'mux2__parameterized0' [E:/vivado-works/flow_CPU/flow_CPU.srcs/sources_1/new/mux2.sv:3]
	Parameter WIDTH bound to: 5 - type: integer 
INFO: [Synth 8-6155] done synthesizing module 'mux2__parameterized0' (17#1) [E:/vivado-works/flow_CPU/flow_CPU.srcs/sources_1/new/mux2.sv:3]
INFO: [Synth 8-6157] synthesizing module 'flopr__parameterized1' [E:/vivado-works/flow_CPU/flow_CPU.srcs/sources_1/new/flopr.sv:3]
	Parameter WIDTH bound to: 32 - type: integer 
INFO: [Synth 8-6155] done synthesizing module 'flopr__parameterized1' (17#1) [E:/vivado-works/flow_CPU/flow_CPU.srcs/sources_1/new/flopr.sv:3]
INFO: [Synth 8-6157] synthesizing module 'flopr__parameterized2' [E:/vivado-works/flow_CPU/flow_CPU.srcs/sources_1/new/flopr.sv:3]
	Parameter WIDTH bound to: 5 - type: integer 
INFO: [Synth 8-6155] done synthesizing module 'flopr__parameterized2' (17#1) [E:/vivado-works/flow_CPU/flow_CPU.srcs/sources_1/new/flopr.sv:3]
INFO: [Synth 8-6155] done synthesizing module 'datapath' (18#1) [E:/vivado-works/flow_CPU/flow_CPU.srcs/sources_1/new/datapath.sv:3]
INFO: [Synth 8-6155] done synthesizing module 'MIPS' (19#1) [E:/vivado-works/flow_CPU/flow_CPU.srcs/sources_1/new/MIPS.sv:3]
INFO: [Synth 8-6157] synthesizing module 'DataMemoryDecoder' [E:/vivado-works/flow_CPU/flow_CPU.srcs/sources_1/new/DataMemoryDecoder.sv:3]
INFO: [Synth 8-6157] synthesizing module 'dmem' [E:/vivado-works/flow_CPU/flow_CPU.srcs/sources_1/new/dmem.sv:3]
INFO: [Synth 8-6155] done synthesizing module 'dmem' (20#1) [E:/vivado-works/flow_CPU/flow_CPU.srcs/sources_1/new/dmem.sv:3]
INFO: [Synth 8-6157] synthesizing module 'IO' [E:/vivado-works/flow_CPU/flow_CPU.srcs/sources_1/new/IO.sv:3]
INFO: [Synth 8-6155] done synthesizing module 'IO' (21#1) [E:/vivado-works/flow_CPU/flow_CPU.srcs/sources_1/new/IO.sv:3]
INFO: [Synth 8-6157] synthesizing module 'x7seg' [E:/vivado-works/flow_CPU/flow_CPU.srcs/sources_1/new/x7seg.sv:3]
INFO: [Synth 8-226] default block is never used [E:/vivado-works/flow_CPU/flow_CPU.srcs/sources_1/new/x7seg.sv:33]
INFO: [Synth 8-6157] synthesizing module 'Hex7Seg' [E:/vivado-works/flow_CPU/flow_CPU.srcs/sources_1/new/Hex7Seg.sv:3]
INFO: [Synth 8-6155] done synthesizing module 'Hex7Seg' (22#1) [E:/vivado-works/flow_CPU/flow_CPU.srcs/sources_1/new/Hex7Seg.sv:3]
INFO: [Synth 8-6155] done synthesizing module 'x7seg' (23#1) [E:/vivado-works/flow_CPU/flow_CPU.srcs/sources_1/new/x7seg.sv:3]
INFO: [Synth 8-6155] done synthesizing module 'DataMemoryDecoder' (24#1) [E:/vivado-works/flow_CPU/flow_CPU.srcs/sources_1/new/DataMemoryDecoder.sv:3]
INFO: [Synth 8-6155] done synthesizing module 'Top' (25#1) [E:/vivado-works/flow_CPU/flow_CPU.srcs/sources_1/new/Top.sv:3]
WARNING: [Synth 8-3331] design IO has unconnected port pWriteData[31]
WARNING: [Synth 8-3331] design IO has unconnected port pWriteData[30]
WARNING: [Synth 8-3331] design IO has unconnected port pWriteData[29]
WARNING: [Synth 8-3331] design IO has unconnected port pWriteData[28]
WARNING: [Synth 8-3331] design IO has unconnected port pWriteData[27]
WARNING: [Synth 8-3331] design IO has unconnected port pWriteData[26]
WARNING: [Synth 8-3331] design IO has unconnected port pWriteData[25]
WARNING: [Synth 8-3331] design IO has unconnected port pWriteData[24]
WARNING: [Synth 8-3331] design IO has unconnected port pWriteData[23]
WARNING: [Synth 8-3331] design IO has unconnected port pWriteData[22]
WARNING: [Synth 8-3331] design IO has unconnected port pWriteData[21]
WARNING: [Synth 8-3331] design IO has unconnected port pWriteData[20]
WARNING: [Synth 8-3331] design IO has unconnected port pWriteData[19]
WARNING: [Synth 8-3331] design IO has unconnected port pWriteData[18]
WARNING: [Synth 8-3331] design IO has unconnected port pWriteData[17]
WARNING: [Synth 8-3331] design IO has unconnected port pWriteData[16]
WARNING: [Synth 8-3331] design IO has unconnected port pWriteData[15]
WARNING: [Synth 8-3331] design IO has unconnected port pWriteData[14]
WARNING: [Synth 8-3331] design IO has unconnected port pWriteData[13]
WARNING: [Synth 8-3331] design IO has unconnected port pWriteData[12]
WARNING: [Synth 8-3331] design dmem has unconnected port a[31]
WARNING: [Synth 8-3331] design dmem has unconnected port a[30]
WARNING: [Synth 8-3331] design dmem has unconnected port a[29]
WARNING: [Synth 8-3331] design dmem has unconnected port a[28]
WARNING: [Synth 8-3331] design dmem has unconnected port a[27]
WARNING: [Synth 8-3331] design dmem has unconnected port a[26]
WARNING: [Synth 8-3331] design dmem has unconnected port a[25]
WARNING: [Synth 8-3331] design dmem has unconnected port a[24]
WARNING: [Synth 8-3331] design dmem has unconnected port a[23]
WARNING: [Synth 8-3331] design dmem has unconnected port a[22]
WARNING: [Synth 8-3331] design dmem has unconnected port a[21]
WARNING: [Synth 8-3331] design dmem has unconnected port a[20]
WARNING: [Synth 8-3331] design dmem has unconnected port a[19]
WARNING: [Synth 8-3331] design dmem has unconnected port a[18]
WARNING: [Synth 8-3331] design dmem has unconnected port a[17]
WARNING: [Synth 8-3331] design dmem has unconnected port a[16]
WARNING: [Synth 8-3331] design dmem has unconnected port a[15]
WARNING: [Synth 8-3331] design dmem has unconnected port a[14]
WARNING: [Synth 8-3331] design dmem has unconnected port a[13]
WARNING: [Synth 8-3331] design dmem has unconnected port a[12]
WARNING: [Synth 8-3331] design dmem has unconnected port a[11]
WARNING: [Synth 8-3331] design dmem has unconnected port a[10]
WARNING: [Synth 8-3331] design dmem has unconnected port a[1]
WARNING: [Synth 8-3331] design dmem has unconnected port a[0]
WARNING: [Synth 8-3331] design sl2 has unconnected port a[31]
WARNING: [Synth 8-3331] design sl2 has unconnected port a[30]
---------------------------------------------------------------------------------
Finished RTL Elaboration : Time (s): cpu = 00:00:02 ; elapsed = 00:00:03 . Memory (MB): peak = 418.523 ; gain = 157.121
---------------------------------------------------------------------------------

Report Check Netlist: 
+------+------------------+-------+---------+-------+------------------+
|      |Item              |Errors |Warnings |Status |Description       |
+------+------------------+-------+---------+-------+------------------+
|1     |multi_driven_nets |      0|        0|Passed |Multi driven nets |
+------+------------------+-------+---------+-------+------------------+
---------------------------------------------------------------------------------
Start Handling Custom Attributes
---------------------------------------------------------------------------------
---------------------------------------------------------------------------------
Finished Handling Custom Attributes : Time (s): cpu = 00:00:02 ; elapsed = 00:00:03 . Memory (MB): peak = 418.523 ; gain = 157.121
---------------------------------------------------------------------------------
---------------------------------------------------------------------------------
Finished RTL Optimization Phase 1 : Time (s): cpu = 00:00:02 ; elapsed = 00:00:03 . Memory (MB): peak = 418.523 ; gain = 157.121
---------------------------------------------------------------------------------
INFO: [Device 21-403] Loading part xc7a100tcsg324-1
INFO: [Project 1-570] Preparing netlist for logic optimization

Processing XDC Constraints
Initializing timing engine
Parsing XDC File [E:/vivado-works/flow_CPU/flow_CPU.srcs/constrs_1/new/flow_con.xdc]
Finished Parsing XDC File [E:/vivado-works/flow_CPU/flow_CPU.srcs/constrs_1/new/flow_con.xdc]
INFO: [Project 1-236] Implementation specific constraints were found while reading constraint file [E:/vivado-works/flow_CPU/flow_CPU.srcs/constrs_1/new/flow_con.xdc]. These constraints will be ignored for synthesis but will be used in implementation. Impacted constraints are listed in the file [.Xil/Top_propImpl.xdc].
Resolution: To avoid this warning, move constraints listed in [.Xil/Top_propImpl.xdc] to another XDC file and exclude this new file from synthesis with the used_in_synthesis property (File Properties dialog in GUI) and re-run elaboration/synthesis.
Netlist sorting complete. Time (s): cpu = 00:00:00 ; elapsed = 00:00:00 . Memory (MB): peak = 772.250 ; gain = 0.000
Completed Processing XDC Constraints

Netlist sorting complete. Time (s): cpu = 00:00:00 ; elapsed = 00:00:00 . Memory (MB): peak = 772.254 ; gain = 0.000
INFO: [Project 1-111] Unisim Transformation Summary:
No Unisim elements were transformed.

Netlist sorting complete. Time (s): cpu = 00:00:00 ; elapsed = 00:00:00 . Memory (MB): peak = 772.254 ; gain = 0.000
Constraint Validation Runtime : Time (s): cpu = 00:00:00 ; elapsed = 00:00:00.003 . Memory (MB): peak = 772.254 ; gain = 0.000
---------------------------------------------------------------------------------
Finished Constraint Validation : Time (s): cpu = 00:00:09 ; elapsed = 00:00:11 . Memory (MB): peak = 772.254 ; gain = 510.852
---------------------------------------------------------------------------------
---------------------------------------------------------------------------------
Start Loading Part and Timing Information
---------------------------------------------------------------------------------
Loading part: xc7a100tcsg324-1
---------------------------------------------------------------------------------
Finished Loading Part and Timing Information : Time (s): cpu = 00:00:09 ; elapsed = 00:00:11 . Memory (MB): peak = 772.254 ; gain = 510.852
---------------------------------------------------------------------------------
---------------------------------------------------------------------------------
Start Applying 'set_property' XDC Constraints
---------------------------------------------------------------------------------
---------------------------------------------------------------------------------
Finished applying 'set_property' XDC Constraints : Time (s): cpu = 00:00:09 ; elapsed = 00:00:11 . Memory (MB): peak = 772.254 ; gain = 510.852
---------------------------------------------------------------------------------
INFO: [Synth 8-5544] ROM "RAM" won't be mapped to Block RAM because address size (4) smaller than threshold (5)
WARNING: [Synth 8-327] inferring latch for variable 'result_reg' [E:/vivado-works/flow_CPU/flow_CPU.srcs/sources_1/new/alu.sv:24]
---------------------------------------------------------------------------------
Finished RTL Optimization Phase 2 : Time (s): cpu = 00:00:10 ; elapsed = 00:00:12 . Memory (MB): peak = 772.254 ; gain = 510.852
---------------------------------------------------------------------------------

Report RTL Partitions: 
+-+--------------+------------+----------+
| |RTL Partition |Replication |Instances |
+-+--------------+------------+----------+
+-+--------------+------------+----------+
---------------------------------------------------------------------------------
Start RTL Component Statistics 
---------------------------------------------------------------------------------
Detailed RTL Component Info : 
+---Adders : 
	   2 Input     32 Bit       Adders := 3     
	   3 Input     32 Bit       Adders := 1     
+---Registers : 
	               32 Bit    Registers := 10    
	               16 Bit    Registers := 1     
	               12 Bit    Registers := 2     
	                8 Bit    Registers := 2     
	                5 Bit    Registers := 5     
	                3 Bit    Registers := 1     
	                2 Bit    Registers := 2     
+---Muxes : 
	  14 Input     32 Bit        Muxes := 1     
	   2 Input     32 Bit        Muxes := 14    
	  10 Input     12 Bit        Muxes := 1     
	   4 Input      8 Bit        Muxes := 1     
	   8 Input      8 Bit        Muxes := 1     
	   2 Input      5 Bit        Muxes := 1     
	  10 Input      3 Bit        Muxes := 1     
	   2 Input      2 Bit        Muxes := 5     
	   2 Input      1 Bit        Muxes := 8     
	   8 Input      1 Bit        Muxes := 1     
---------------------------------------------------------------------------------
Finished RTL Component Statistics 
---------------------------------------------------------------------------------
---------------------------------------------------------------------------------
Start RTL Hierarchical Component Statistics 
---------------------------------------------------------------------------------
Hierarchical RTL Component report 
Module imem 
Detailed RTL Component Info : 
+---Muxes : 
	  14 Input     32 Bit        Muxes := 1     
Module maindec 
Detailed RTL Component Info : 
+---Muxes : 
	  10 Input     12 Bit        Muxes := 1     
Module aludec 
Detailed RTL Component Info : 
+---Muxes : 
	  10 Input      3 Bit        Muxes := 1     
Module floprc 
Detailed RTL Component Info : 
+---Registers : 
	                8 Bit    Registers := 1     
+---Muxes : 
	   2 Input      1 Bit        Muxes := 1     
Module flopr 
Detailed RTL Component Info : 
+---Registers : 
	                3 Bit    Registers := 1     
Module flopr__parameterized0 
Detailed RTL Component Info : 
+---Registers : 
	                2 Bit    Registers := 1     
Module hazard 
Detailed RTL Component Info : 
+---Muxes : 
	   2 Input      2 Bit        Muxes := 4     
Module mux2 
Detailed RTL Component Info : 
+---Muxes : 
	   2 Input     32 Bit        Muxes := 1     
Module regfile 
Detailed RTL Component Info : 
+---Muxes : 
	   2 Input     32 Bit        Muxes := 2     
Module flopenr 
Detailed RTL Component Info : 
+---Registers : 
	               32 Bit    Registers := 1     
Module adder 
Detailed RTL Component Info : 
+---Adders : 
	   2 Input     32 Bit       Adders := 1     
Module flopenrc 
Detailed RTL Component Info : 
+---Registers : 
	               32 Bit    Registers := 1     
+---Muxes : 
	   2 Input      1 Bit        Muxes := 1     
Module floprc__parameterized0 
Detailed RTL Component Info : 
+---Registers : 
	               32 Bit    Registers := 1     
+---Muxes : 
	   2 Input      1 Bit        Muxes := 1     
Module floprc__parameterized1 
Detailed RTL Component Info : 
+---Registers : 
	                5 Bit    Registers := 1     
+---Muxes : 
	   2 Input      1 Bit        Muxes := 1     
Module mux3 
Detailed RTL Component Info : 
+---Muxes : 
	   2 Input     32 Bit        Muxes := 2     
Module alu 
Detailed RTL Component Info : 
+---Adders : 
	   2 Input     32 Bit       Adders := 1     
	   3 Input     32 Bit       Adders := 1     
+---Muxes : 
	   8 Input      1 Bit        Muxes := 1     
Module mux2__parameterized0 
Detailed RTL Component Info : 
+---Muxes : 
	   2 Input      5 Bit        Muxes := 1     
Module flopr__parameterized1 
Detailed RTL Component Info : 
+---Registers : 
	               32 Bit    Registers := 1     
Module flopr__parameterized2 
Detailed RTL Component Info : 
+---Registers : 
	                5 Bit    Registers := 1     
Module IO 
Detailed RTL Component Info : 
+---Registers : 
	               16 Bit    Registers := 1     
	               12 Bit    Registers := 2     
	                8 Bit    Registers := 1     
	                2 Bit    Registers := 1     
+---Muxes : 
	   4 Input      8 Bit        Muxes := 1     
	   2 Input      2 Bit        Muxes := 1     
Module x7seg 
Detailed RTL Component Info : 
+---Muxes : 
	   8 Input      8 Bit        Muxes := 1     
Module DataMemoryDecoder 
Detailed RTL Component Info : 
+---Muxes : 
	   2 Input     32 Bit        Muxes := 1     
---------------------------------------------------------------------------------
Finished RTL Hierarchical Component Statistics
---------------------------------------------------------------------------------
---------------------------------------------------------------------------------
Start Part Resource Summary
---------------------------------------------------------------------------------
Part Resources:
DSPs: 240 (col length:80)
BRAMs: 270 (col length: RAMB18 80 RAMB36 40)
---------------------------------------------------------------------------------
Finished Part Resource Summary
---------------------------------------------------------------------------------
---------------------------------------------------------------------------------
Start Cross Boundary and Area Optimization
---------------------------------------------------------------------------------
Warning: Parallel synthesis criteria is not met 
WARNING: [Synth 8-3917] design Top has port DP driven by constant 1
INFO: [Synth 8-3886] merging instance 'mips/dp/r2D/q_reg[8]' (FDRE) to 'mips/dp/r2D/q_reg[22]'
INFO: [Synth 8-3886] merging instance 'mips/dp/r2D/q_reg[9]' (FDRE) to 'mips/dp/r2D/q_reg[22]'
INFO: [Synth 8-3886] merging instance 'mips/dp/r2D/q_reg[10]' (FDRE) to 'mips/dp/r2D/q_reg[22]'
INFO: [Synth 8-3886] merging instance 'i_16' (FDRE) to 'mips/dp/r2D/q_reg[21]'
INFO: [Synth 8-3886] merging instance 'i_14' (FDRE) to 'mips/dp/r2D/q_reg[22]'
INFO: [Synth 8-3886] merging instance 'i_13' (FDRE) to 'mips/dp/r2D/q_reg[23]'
INFO: [Synth 8-3886] merging instance 'i_12' (FDRE) to 'i_7'
INFO: [Synth 8-3886] merging instance 'i_11' (FDRE) to 'mips/dp/r2D/q_reg[25]'
INFO: [Synth 8-3886] merging instance 'mips/dp/r3E/q_reg[8]' (FDR) to 'mips/dp/r3E/q_reg[10]'
INFO: [Synth 8-3886] merging instance 'mips/dp/r3E/q_reg[9]' (FDR) to 'mips/dp/r3E/q_reg[10]'
INFO: [Synth 8-3886] merging instance 'i_10' (FDRE) to 'mips/dp/r2D/q_reg[16]'
INFO: [Synth 8-3886] merging instance 'i_9' (FDRE) to 'mips/dp/r2D/q_reg[17]'
INFO: [Synth 8-3886] merging instance 'i_8' (FDRE) to 'mips/dp/r2D/q_reg[18]'
INFO: [Synth 8-3886] merging instance 'i_7' (FDRE) to 'mips/dp/r2D/q_reg[24]'
INFO: [Synth 8-3886] merging instance 'i_6' (FDRE) to 'mips/dp/r2D/q_reg[20]'
INFO: [Synth 8-3886] merging instance 'mips/dp/r2D/q_reg[4]' (FDRE) to 'mips/dp/r2D/q_reg[22]'
INFO: [Synth 8-3886] merging instance 'mips/dp/r2D/q_reg[5]' (FDRE) to 'mips/dp/r2D/q_reg[15]'
INFO: [Synth 8-3886] merging instance 'mips/dp/r2D/q_reg[6]' (FDRE) to 'mips/dp/r2D/q_reg[22]'
INFO: [Synth 8-3886] merging instance 'mips/dp/r2D/q_reg[14]' (FDRE) to 'mips/dp/r2D/q_reg[22]'
INFO: [Synth 8-3886] merging instance 'mips/dp/r2D/q_reg[15]' (FDRE) to 'mips/dp/r2D/q_reg[13]'
INFO: [Synth 8-3886] merging instance 'mips/dp/r2D/q_reg[11]' (FDRE) to 'mips/dp/r2D/q_reg[13]'
INFO: [Synth 8-3886] merging instance 'mips/dp/r2D/q_reg[12]' (FDRE) to 'mips/dp/r2D/q_reg[22]'
INFO: [Synth 8-3886] merging instance 'mips/dp/r3E/q_reg[4]' (FDR) to 'mips/dp/r3E/q_reg[14]'
INFO: [Synth 8-3886] merging instance 'mips/dp/r3E/q_reg[5]' (FDR) to 'mips/dp/r3E/q_reg[15]'
INFO: [Synth 8-3886] merging instance 'mips/dp/r3E/q_reg[6]' (FDR) to 'mips/dp/r3E/q_reg[14]'
INFO: [Synth 8-3886] merging instance 'mips/dp/r2D/q_reg[26]' (FDRE) to 'mips/dp/r2D/q_reg[31]'
INFO: [Synth 8-3886] merging instance 'mips/dp/r6E/q_reg[3]' (FDR) to 'mips/dp/r6E/q_reg[1]'
INFO: [Synth 8-3886] merging instance 'mips/dp/r6E/q_reg[4]' (FDR) to 'mips/dp/r6E/q_reg[2]'
INFO: [Synth 8-3886] merging instance 'mips/dp/r6E/q_reg[0]' (FDR) to 'mips/dp/r6E/q_reg[2]'
INFO: [Synth 8-3886] merging instance 'mips/dp/r2D/q_reg[24]' (FDRE) to 'mips/dp/r2D/q_reg[19]'
INFO: [Synth 8-3333] propagating constant 0 across sequential element (\mips/dp/r2D/q_reg[19] )
INFO: [Synth 8-3886] merging instance 'mips/dp/r3E/q_reg[10]' (FDR) to 'mips/dp/r3E/q_reg[14]'
INFO: [Synth 8-3886] merging instance 'mips/dp/r3E/q_reg[11]' (FDR) to 'mips/dp/r3E/q_reg[15]'
INFO: [Synth 8-3886] merging instance 'mips/dp/r3E/q_reg[12]' (FDR) to 'mips/dp/r3E/q_reg[14]'
INFO: [Synth 8-3886] merging instance 'mips/dp/r3E/q_reg[13]' (FDR) to 'mips/dp/r3E/q_reg[15]'
INFO: [Synth 8-3886] merging instance 'mips/dp/r3E/q_reg[15]' (FDR) to 'mips/dp/r6E/q_reg[2]'
INFO: [Synth 8-3886] merging instance 'mips/dp/r3E/q_reg[14]' (FDR) to 'mips/dp/r6E/q_reg[1]'
INFO: [Synth 8-3886] merging instance 'mips/dp/r6E/q_reg[1]' (FDR) to 'mips/dp/r4E/q_reg[1]'
---------------------------------------------------------------------------------
Finished Cross Boundary and Area Optimization : Time (s): cpu = 00:00:15 ; elapsed = 00:00:17 . Memory (MB): peak = 772.254 ; gain = 510.852
---------------------------------------------------------------------------------
---------------------------------------------------------------------------------
Start ROM, RAM, DSP and Shift Register Reporting
---------------------------------------------------------------------------------

ROM:
+------------+-------------------------------+---------------+----------------+
|Module Name | RTL Object                    | Depth x Width | Implemented As | 
+------------+-------------------------------+---------------+----------------+
|Hex7Seg     | a2g                           | 32x7          | LUT            | 
|Top         | dmemDecoder/x7seg/Hex7Seg/a2g | 32x7          | LUT            | 
+------------+-------------------------------+---------------+----------------+


Distributed RAM: Preliminary Mapping  Report (see note below)
+------------+--------------------------+-----------+----------------------+------------------+
|Module Name | RTL Object               | Inference | Size (Depth x Width) | Primitives       | 
+------------+--------------------------+-----------+----------------------+------------------+
|Top         | dmemDecoder/dmem/RAM_reg | Implied   | 256 x 32             | RAM256X1S x 32   | 
|Top         | mips/dp/rf/rf_reg        | Implied   | 32 x 32              | RAM32M x 12      | 
+------------+--------------------------+-----------+----------------------+------------------+

Note: The table above is a preliminary report that shows the Distributed RAMs at the current stage of the synthesis flow. Some Distributed RAMs may be reimplemented as non Distributed RAM primitives later in the synthesis flow. Multiple instantiated RAMs are reported only once.
---------------------------------------------------------------------------------
Finished ROM, RAM, DSP and Shift Register Reporting
---------------------------------------------------------------------------------

Report RTL Partitions: 
+-+--------------+------------+----------+
| |RTL Partition |Replication |Instances |
+-+--------------+------------+----------+
+-+--------------+------------+----------+
---------------------------------------------------------------------------------
Start Applying XDC Timing Constraints
---------------------------------------------------------------------------------
---------------------------------------------------------------------------------
Finished Applying XDC Timing Constraints : Time (s): cpu = 00:00:21 ; elapsed = 00:00:23 . Memory (MB): peak = 772.254 ; gain = 510.852
---------------------------------------------------------------------------------
---------------------------------------------------------------------------------
Start Timing Optimization
---------------------------------------------------------------------------------
---------------------------------------------------------------------------------
Finished Timing Optimization : Time (s): cpu = 00:00:47 ; elapsed = 00:00:49 . Memory (MB): peak = 1295.410 ; gain = 1034.008
---------------------------------------------------------------------------------
---------------------------------------------------------------------------------
Start ROM, RAM, DSP and Shift Register Reporting
---------------------------------------------------------------------------------

Distributed RAM: Final Mapping  Report
+------------+--------------------------+-----------+----------------------+------------------+
|Module Name | RTL Object               | Inference | Size (Depth x Width) | Primitives       | 
+------------+--------------------------+-----------+----------------------+------------------+
|Top         | dmemDecoder/dmem/RAM_reg | Implied   | 256 x 32             | RAM256X1S x 32   | 
|Top         | mips/dp/rf/rf_reg        | Implied   | 32 x 32              | RAM32M x 12      | 
+------------+--------------------------+-----------+----------------------+------------------+

---------------------------------------------------------------------------------
Finished ROM, RAM, DSP and Shift Register Reporting
---------------------------------------------------------------------------------

Report RTL Partitions: 
+-+--------------+------------+----------+
| |RTL Partition |Replication |Instances |
+-+--------------+------------+----------+
+-+--------------+------------+----------+
---------------------------------------------------------------------------------
Start Technology Mapping
---------------------------------------------------------------------------------
---------------------------------------------------------------------------------
Finished Technology Mapping : Time (s): cpu = 00:00:47 ; elapsed = 00:00:49 . Memory (MB): peak = 1295.410 ; gain = 1034.008
---------------------------------------------------------------------------------

Report RTL Partitions: 
+-+--------------+------------+----------+
| |RTL Partition |Replication |Instances |
+-+--------------+------------+----------+
+-+--------------+------------+----------+
---------------------------------------------------------------------------------
Start IO Insertion
---------------------------------------------------------------------------------
---------------------------------------------------------------------------------
Start Flattening Before IO Insertion
---------------------------------------------------------------------------------
---------------------------------------------------------------------------------
Finished Flattening Before IO Insertion
---------------------------------------------------------------------------------
---------------------------------------------------------------------------------
Start Final Netlist Cleanup
---------------------------------------------------------------------------------
---------------------------------------------------------------------------------
Finished Final Netlist Cleanup
---------------------------------------------------------------------------------
---------------------------------------------------------------------------------
Finished IO Insertion : Time (s): cpu = 00:00:48 ; elapsed = 00:00:50 . Memory (MB): peak = 1295.410 ; gain = 1034.008
---------------------------------------------------------------------------------

Report Check Netlist: 
+------+------------------+-------+---------+-------+------------------+
|      |Item              |Errors |Warnings |Status |Description       |
+------+------------------+-------+---------+-------+------------------+
|1     |multi_driven_nets |      0|        0|Passed |Multi driven nets |
+------+------------------+-------+---------+-------+------------------+
---------------------------------------------------------------------------------
Start Renaming Generated Instances
---------------------------------------------------------------------------------
---------------------------------------------------------------------------------
Finished Renaming Generated Instances : Time (s): cpu = 00:00:48 ; elapsed = 00:00:50 . Memory (MB): peak = 1295.410 ; gain = 1034.008
---------------------------------------------------------------------------------

Report RTL Partitions: 
+-+--------------+------------+----------+
| |RTL Partition |Replication |Instances |
+-+--------------+------------+----------+
+-+--------------+------------+----------+
---------------------------------------------------------------------------------
Start Rebuilding User Hierarchy
---------------------------------------------------------------------------------
---------------------------------------------------------------------------------
Finished Rebuilding User Hierarchy : Time (s): cpu = 00:00:48 ; elapsed = 00:00:50 . Memory (MB): peak = 1295.410 ; gain = 1034.008
---------------------------------------------------------------------------------
---------------------------------------------------------------------------------
Start Renaming Generated Ports
---------------------------------------------------------------------------------
---------------------------------------------------------------------------------
Finished Renaming Generated Ports : Time (s): cpu = 00:00:48 ; elapsed = 00:00:50 . Memory (MB): peak = 1295.410 ; gain = 1034.008
---------------------------------------------------------------------------------
---------------------------------------------------------------------------------
Start Handling Custom Attributes
---------------------------------------------------------------------------------
---------------------------------------------------------------------------------
Finished Handling Custom Attributes : Time (s): cpu = 00:00:48 ; elapsed = 00:00:50 . Memory (MB): peak = 1295.410 ; gain = 1034.008
---------------------------------------------------------------------------------
---------------------------------------------------------------------------------
Start Renaming Generated Nets
---------------------------------------------------------------------------------
---------------------------------------------------------------------------------
Finished Renaming Generated Nets : Time (s): cpu = 00:00:48 ; elapsed = 00:00:50 . Memory (MB): peak = 1295.410 ; gain = 1034.008
---------------------------------------------------------------------------------
---------------------------------------------------------------------------------
Start Writing Synthesis Report
---------------------------------------------------------------------------------

Report BlackBoxes: 
+-+--------------+----------+
| |BlackBox name |Instances |
+-+--------------+----------+
+-+--------------+----------+

Report Cell Usage: 
+------+----------+------+
|      |Cell      |Count |
+------+----------+------+
|1     |BUFG      |     2|
|2     |CARRY4    |    32|
|3     |LUT1      |    27|
|4     |LUT2      |    99|
|5     |LUT3      |   100|
|6     |LUT4      |    73|
|7     |LUT5      |   205|
|8     |LUT6      |    92|
|9     |MUXF7     |     4|
|10    |RAM256X1S |    32|
|11    |RAM32M    |    12|
|12    |FDCE      |    20|
|13    |FDRE      |   307|
|14    |LD        |    32|
|15    |IBUF      |    20|
|16    |OBUF      |    16|
+------+----------+------+

Report Instance Areas: 
+------+--------------+-------------------------+------+
|      |Instance      |Module                   |Cells |
+------+--------------+-------------------------+------+
|1     |top           |                         |  1073|
|2     |  dmemDecoder |DataMemoryDecoder        |   177|
|3     |    IO        |IO                       |    71|
|4     |    dmem      |dmem                     |    56|
|5     |    x7seg     |x7seg                    |    50|
|6     |  mips        |MIPS                     |   857|
|7     |    c         |controller               |    81|
|8     |      regE    |floprc                   |    75|
|9     |      regM    |flopr                    |     4|
|10    |      regW    |flopr__parameterized0    |     2|
|11    |    dp        |datapath                 |   776|
|12    |      alu     |alu                      |    44|
|13    |      comp    |eqcmp                    |     3|
|14    |      pcadd2  |adder                    |     2|
|15    |      pcaddl  |adder_0                  |     2|
|16    |      pcreg   |flopenr                  |    24|
|17    |      r1D     |flopenr_1                |     9|
|18    |      r1E     |floprc__parameterized0   |    32|
|19    |      r1M     |flopr__parameterized1    |    32|
|20    |      r1W     |flopr__parameterized1_2  |    32|
|21    |      r2D     |flopenrc                 |   156|
|22    |      r2E     |floprc__parameterized0_3 |    32|
|23    |      r2M     |flopr__parameterized1_4  |    35|
|24    |      r2W     |flopr__parameterized1_5  |    64|
|25    |      r3E     |floprc__parameterized0_6 |     7|
|26    |      r3M     |flopr__parameterized2    |    81|
|27    |      r3W     |flopr__parameterized2_7  |     8|
|28    |      r4E     |floprc__parameterized1   |   142|
|29    |      r5E     |floprc__parameterized1_8 |     7|
|30    |      r6E     |floprc__parameterized1_9 |    52|
|31    |      rf      |regfile                  |    12|
+------+--------------+-------------------------+------+
---------------------------------------------------------------------------------
Finished Writing Synthesis Report : Time (s): cpu = 00:00:48 ; elapsed = 00:00:50 . Memory (MB): peak = 1295.410 ; gain = 1034.008
---------------------------------------------------------------------------------
Synthesis finished with 0 errors, 0 critical warnings and 2 warnings.
Synthesis Optimization Runtime : Time (s): cpu = 00:00:41 ; elapsed = 00:00:44 . Memory (MB): peak = 1295.410 ; gain = 680.277
Synthesis Optimization Complete : Time (s): cpu = 00:00:48 ; elapsed = 00:00:50 . Memory (MB): peak = 1295.410 ; gain = 1034.008
INFO: [Project 1-571] Translating synthesized netlist
INFO: [Netlist 29-17] Analyzing 112 Unisim elements for replacement
INFO: [Netlist 29-28] Unisim Transformation completed in 0 CPU seconds
INFO: [Project 1-570] Preparing netlist for logic optimization
INFO: [Opt 31-138] Pushed 1 inverter(s) to 12 load pin(s).
Netlist sorting complete. Time (s): cpu = 00:00:00 ; elapsed = 00:00:00 . Memory (MB): peak = 1295.410 ; gain = 0.000
INFO: [Project 1-111] Unisim Transformation Summary:
  A total of 76 instances were transformed.
  LD => LDCE: 32 instances
  RAM256X1S => RAM256X1S (MUXF7, MUXF7, MUXF8, RAMS64E, RAMS64E, RAMS64E, RAMS64E): 32 instances
  RAM32M => RAM32M (inverted pins: WCLK) (RAMD32, RAMD32, RAMD32, RAMD32, RAMD32, RAMD32, RAMS32, RAMS32): 12 instances

INFO: [Common 17-83] Releasing license: Synthesis
116 Infos, 49 Warnings, 0 Critical Warnings and 0 Errors encountered.
synth_design completed successfully
synth_design: Time (s): cpu = 00:00:51 ; elapsed = 00:00:54 . Memory (MB): peak = 1295.410 ; gain = 1047.289
Netlist sorting complete. Time (s): cpu = 00:00:00 ; elapsed = 00:00:00.001 . Memory (MB): peak = 1295.410 ; gain = 0.000
WARNING: [Constraints 18-5210] No constraints selected for write.
Resolution: This message can indicate that there are no constraints for the design, or it can indicate that the used_in flags are set such that the constraints are ignored. This later case is used when running synth_design to not write synthesis constraints to the resulting checkpoint. Instead, project constraints are read when the synthesized design is opened.
INFO: [Common 17-1381] The checkpoint 'E:/vivado-works/flow_CPU/flow_CPU.runs/synth_1/Top.dcp' has been generated.
INFO: [runtcl-4] Executing : report_utilization -file Top_utilization_synth.rpt -pb Top_utilization_synth.pb
INFO: [Common 17-206] Exiting Vivado at Tue May 17 16:36:00 2022...
