INFO: [VRFC 10-2263] Analyzing SystemVerilog file "E:/vivado-works/flow_CPU/flow_CPU.srcs/sources_1/new/DataMemoryDecoder.sv" into library xil_defaultlib
INFO: [VRFC 10-311] analyzing module DataMemoryDecoder
INFO: [VRFC 10-2263] Analyzing SystemVerilog file "E:/vivado-works/flow_CPU/flow_CPU.srcs/sources_1/new/Hex7Seg.sv" into library xil_defaultlib
INFO: [VRFC 10-311] analyzing module Hex7Seg
INFO: [VRFC 10-2263] Analyzing SystemVerilog file "E:/vivado-works/flow_CPU/flow_CPU.srcs/sources_1/new/IO.sv" into library xil_defaultlib
INFO: [VRFC 10-311] analyzing module IO
INFO: [VRFC 10-2263] Analyzing SystemVerilog file "E:/vivado-works/flow_CPU/flow_CPU.srcs/sources_1/new/MIPS.sv" into library xil_defaultlib
INFO: [VRFC 10-311] analyzing module MIPS
INFO: [VRFC 10-2263] Analyzing SystemVerilog file "E:/vivado-works/flow_CPU/flow_CPU.srcs/sources_1/new/Top.sv" into library xil_defaultlib
INFO: [VRFC 10-311] analyzing module Top
INFO: [VRFC 10-2263] Analyzing SystemVerilog file "E:/vivado-works/flow_CPU/flow_CPU.srcs/sources_1/new/adder.sv" into library xil_defaultlib
INFO: [VRFC 10-311] analyzing module adder
INFO: [VRFC 10-2263] Analyzing SystemVerilog file "E:/vivado-works/flow_CPU/flow_CPU.srcs/sources_1/new/alu.sv" into library xil_defaultlib
INFO: [VRFC 10-311] analyzing module alu
INFO: [VRFC 10-2263] Analyzing SystemVerilog file "E:/vivado-works/flow_CPU/flow_CPU.srcs/sources_1/new/aludec.sv" into library xil_defaultlib
INFO: [VRFC 10-311] analyzing module aludec
INFO: [VRFC 10-2263] Analyzing SystemVerilog file "E:/vivado-works/flow_CPU/flow_CPU.srcs/sources_1/new/controller.sv" into library xil_defaultlib
INFO: [VRFC 10-311] analyzing module controller
INFO: [VRFC 10-2263] Analyzing SystemVerilog file "E:/vivado-works/flow_CPU/flow_CPU.srcs/sources_1/new/datapath.sv" into library xil_defaultlib
INFO: [VRFC 10-311] analyzing module datapath
INFO: [VRFC 10-2263] Analyzing SystemVerilog file "E:/vivado-works/flow_CPU/flow_CPU.srcs/sources_1/new/dmem.sv" into library xil_defaultlib
INFO: [VRFC 10-311] analyzing module dmem
INFO: [VRFC 10-2263] Analyzing SystemVerilog file "E:/vivado-works/flow_CPU/flow_CPU.srcs/sources_1/new/eqcmp.sv" into library xil_defaultlib
INFO: [VRFC 10-311] analyzing module eqcmp
INFO: [VRFC 10-2263] Analyzing SystemVerilog file "E:/vivado-works/flow_CPU/flow_CPU.srcs/sources_1/new/flopenr.sv" into library xil_defaultlib
INFO: [VRFC 10-311] analyzing module flopenr
INFO: [VRFC 10-2263] Analyzing SystemVerilog file "E:/vivado-works/flow_CPU/flow_CPU.srcs/sources_1/new/flopenrc.sv" into library xil_defaultlib
INFO: [VRFC 10-311] analyzing module flopenrc
INFO: [VRFC 10-2263] Analyzing SystemVerilog file "E:/vivado-works/flow_CPU/flow_CPU.srcs/sources_1/new/flopr.sv" into library xil_defaultlib
INFO: [VRFC 10-311] analyzing module flopr
INFO: [VRFC 10-2263] Analyzing SystemVerilog file "E:/vivado-works/flow_CPU/flow_CPU.srcs/sources_1/new/floprc.sv" into library xil_defaultlib
INFO: [VRFC 10-311] analyzing module floprc
INFO: [VRFC 10-2263] Analyzing SystemVerilog file "E:/vivado-works/flow_CPU/flow_CPU.srcs/sources_1/new/hazard.sv" into library xil_defaultlib
INFO: [VRFC 10-311] analyzing module hazard
INFO: [VRFC 10-2263] Analyzing SystemVerilog file "E:/vivado-works/flow_CPU/flow_CPU.srcs/sources_1/new/imem.sv" into library xil_defaultlib
INFO: [VRFC 10-311] analyzing module imem
INFO: [VRFC 10-2263] Analyzing SystemVerilog file "E:/vivado-works/flow_CPU/flow_CPU.srcs/sources_1/new/maindec.sv" into library xil_defaultlib
INFO: [VRFC 10-311] analyzing module maindec
INFO: [VRFC 10-2263] Analyzing SystemVerilog file "E:/vivado-works/flow_CPU/flow_CPU.srcs/sources_1/new/mux2.sv" into library xil_defaultlib
INFO: [VRFC 10-311] analyzing module mux2
INFO: [VRFC 10-2263] Analyzing SystemVerilog file "E:/vivado-works/flow_CPU/flow_CPU.srcs/sources_1/new/mux3.sv" into library xil_defaultlib
INFO: [VRFC 10-311] analyzing module mux3
INFO: [VRFC 10-2263] Analyzing SystemVerilog file "E:/vivado-works/flow_CPU/flow_CPU.srcs/sources_1/new/regfile.sv" into library xil_defaultlib
INFO: [VRFC 10-311] analyzing module regfile
INFO: [VRFC 10-2263] Analyzing SystemVerilog file "E:/vivado-works/flow_CPU/flow_CPU.srcs/sources_1/new/signext.sv" into library xil_defaultlib
INFO: [VRFC 10-311] analyzing module signext
INFO: [VRFC 10-2263] Analyzing SystemVerilog file "E:/vivado-works/flow_CPU/flow_CPU.srcs/sources_1/new/sl2.sv" into library xil_defaultlib
INFO: [VRFC 10-311] analyzing module sl2
INFO: [VRFC 10-2263] Analyzing SystemVerilog file "E:/vivado-works/flow_CPU/flow_CPU.srcs/sources_1/new/x7seg.sv" into library xil_defaultlib
INFO: [VRFC 10-311] analyzing module x7seg
INFO: [VRFC 10-2263] Analyzing SystemVerilog file "E:/vivado-works/flow_CPU/flow_CPU.srcs/sim_1/new/testIO.sv" into library xil_defaultlib
INFO: [VRFC 10-311] analyzing module testIO
