#-----------------------------------------------------------
# Vivado v2018.3 (64-bit)
# SW Build 2405991 on Thu Dec  6 23:38:27 MST 2018
# IP Build 2404404 on Fri Dec  7 01:43:56 MST 2018
# Start of session at: Sat May 21 08:43:41 2022
# Process ID: 38652
# Current directory: E:/vivado-works/FPGA_music
# Command line: vivado.exe -gui_launcher_event rodinguilauncherevent34384 E:\vivado-works\FPGA_music\FPGA_music.xpr
# Log file: E:/vivado-works/FPGA_music/vivado.log
# Journal file: E:/vivado-works/FPGA_music\vivado.jou
#-----------------------------------------------------------
start_gui
open_project E:/vivado-works/FPGA_music/FPGA_music.xpr
Scanning sources...
Finished scanning sources
INFO: [IP_Flow 19-234] Refreshing IP repositories
INFO: [IP_Flow 19-1704] No user IP repositories specified
INFO: [IP_Flow 19-2313] Loaded Vivado IP repository 'D:/xilinx/Vivado/2018.3/data/ip'.
open_project: Time (s): cpu = 00:00:11 ; elapsed = 00:00:06 . Memory (MB): peak = 725.672 ; gain = 113.410
update_compile_order -fileset sources_1
INFO: [Device 21-403] Loading part xc7a100tcsg324-1
WARNING: [IP_Flow 19-4067] Ignoring invalid widget type specified checkbox.Providing a default widget
WARNING: [IP_Flow 19-4067] Ignoring invalid widget type specified checkbox.Providing a default widget
exit
INFO: [Common 17-206] Exiting Vivado at Sat May 21 09:16:44 2022...
